<?xml version="1.0" encoding="UTF-8"?>
<!-- Generated by org.testng.reporters.JUnitReportReporter -->
<testsuite hostname="DESKTOP-A8RHJQ2" failures="0" tests="4" name="companytim.Tests.SubmitOrderTest" time="57.130" errors="0" timestamp="2024-07-23T11:53:20 EDT" skipped="0">
  <testcase classname="companytim.Tests.SubmitOrderTest" name="submitOrder" time="16.077"/>
  <testcase classname="companytim.Tests.SubmitOrderTest" name="submitOrder" time="13.329"/>
  <testcase classname="companytim.Tests.SubmitOrderTest" name="OrderHistoryTest" time="11.518"/>
  <testcase classname="companytim.Tests.SubmitOrderTest" name="submitOrder" time="16.206"/>
</testsuite> <!-- companytim.Tests.SubmitOrderTest -->
