<?xml version="1.0" encoding="UTF-8"?>
<!-- Generated by org.testng.reporters.JUnitReportReporter -->
<testsuite hostname="DESKTOP-A8RHJQ2" failures="0" tests="2" name="companytim.Tests.errorValidationTest" time="46.863" errors="0" timestamp="2024-07-01T11:38:01 EDT" skipped="0">
  <testcase classname="companytim.Tests.errorValidationTest" name="productErrorValidation" time="11.881"/>
  <testcase classname="companytim.Tests.errorValidationTest" name="loginValidation" time="34.982"/>
</testsuite> <!-- companytim.Tests.errorValidationTest -->
