<?xml version="1.0" encoding="UTF-8"?>
<!-- Generated by org.testng.reporters.JUnitReportReporter -->
<testsuite hostname="DESKTOP-A8RHJQ2" failures="0" tests="1" name="cucumber.TestNGRunner" time="13.545" errors="0" timestamp="2024-07-23T12:56:27 EDT" skipped="0">
  <testcase classname="cucumber.TestNGRunner" name="runScenario" time="13.545"/>
</testsuite> <!-- cucumber.TestNGRunner -->
