<?xml version="1.0" encoding="UTF-8"?>
<!-- Generated by org.testng.reporters.JUnitReportReporter -->
<testsuite hostname="DESKTOP-A8RHJQ2" failures="0" tests="4" name="companytim.Tests.SubmitOrderTest" time="63.521" errors="0" timestamp="2024-07-01T11:38:01 EDT" skipped="0">
  <testcase classname="companytim.Tests.SubmitOrderTest" name="OrderHistoryTest" time="7.594"/>
  <testcase classname="companytim.Tests.SubmitOrderTest" name="submitOrder" time="32.502"/>
  <testcase classname="companytim.Tests.SubmitOrderTest" name="submitOrder" time="12.471"/>
  <testcase classname="companytim.Tests.SubmitOrderTest" name="submitOrder" time="10.954"/>
</testsuite> <!-- companytim.Tests.SubmitOrderTest -->
